1.4339 	WARNING 	We strongly recommend you activate the PTB sound engine in PsychoPy prefs as the preferred audio engine. Its timing is vastly superior. Your prefs are currently set to use ['sounddevice', 'PTB', 'pyo', 'pygame'] (in that order).
5.8317 	WARNING 	User requested fullscreen with size [1280  720], but screen is actually [1920, 1080]. Using actual size
9.9299 	EXP 	Created window1 = Window(allowGUI=False, allowStencil=False, args=UNKNOWN, autoLog=True, bitsMode=UNKNOWN, blendMode='avg', bpc=(8, 8, 8), color=array([1., 1., 1.]), colorSpace='rgb', depthBits=8, fullscr=<method-wrapper '__getattribute__' of attributeSetter object at 0x000002031FF85D30>, gamma=None, gammaErrorPolicy='raise', kwargs=UNKNOWN, lms=UNKNOWN, monitor=<psychopy.monitors.calibTools.Monitor object at 0x000002031FCDCB70>, multiSample=False, name='window1', numSamples=2, pos=[0.0, 0.0], screen=0, size=array([1920, 1080]), stencilBits=0, stereo=False, units='height', useFBO=True, useRetina=False, viewOri=0.0, viewPos=None, viewScale=None, waitBlanking=True, winType='pyglet')
9.9304 	EXP 	window1: mouseVisible = True
9.9304 	EXP 	window1: recordFrameIntervals = False
10.0952 	EXP 	window1: recordFrameIntervals = True
10.2793 	EXP 	window1: recordFrameIntervals = False
10.5705 	EXP 	Created instruct_text = TextStim(__class__=<class 'psychopy.visual.text.TextStim'>, alignHoriz=method-wrapper(...), alignText='center', alignVert=method-wrapper(...), anchorHoriz='center', anchorVert='center', antialias=True, autoLog=True, bold=False, color=array([-1., -1., -1.]), colorSpace='rgb', contrast=1.0, depth=0.0, flipHoriz=False, flipVert=False, font='Arial', fontFiles=[], height=0.05, italic=False, languageStyle='LTR', name='instruct_text', opacity=1.0, ori=0, pos=array([0., 0.]), rgb=array([-1., -1., -1.]), text=str(...), units='height', win=Window(...), wrapWidth=1)
10.5887 	EXP 	Created timer1 = TextStim(__class__=<class 'psychopy.visual.text.TextStim'>, alignHoriz=method-wrapper(...), alignText='center', alignVert=method-wrapper(...), anchorHoriz='center', anchorVert='center', antialias=True, autoLog=True, bold=False, color='black', colorSpace='named', contrast=1.0, depth=0.0, flipHoriz=False, flipVert=False, font='Arial', fontFiles=[], height=0.1, italic=False, languageStyle='LTR', name='timer1', opacity=1.0, ori=0, pos=array([0., 0.]), rgb=array([0., 0., 0.]), text='3', units='height', win=Window(...), wrapWidth=1)
10.5950 	EXP 	Created timer2 = TextStim(__class__=<class 'psychopy.visual.text.TextStim'>, alignHoriz=method-wrapper(...), alignText='center', alignVert=method-wrapper(...), anchorHoriz='center', anchorVert='center', antialias=True, autoLog=True, bold=False, color='black', colorSpace='named', contrast=1.0, depth=-1.0, flipHoriz=False, flipVert=False, font='Arial', fontFiles=[], height=0.1, italic=False, languageStyle='LTR', name='timer2', opacity=1.0, ori=0, pos=array([0., 0.]), rgb=array([0., 0., 0.]), text='2', units='height', win=Window(...), wrapWidth=1)
10.6005 	EXP 	Created timer3 = TextStim(__class__=<class 'psychopy.visual.text.TextStim'>, alignHoriz=method-wrapper(...), alignText='center', alignVert=method-wrapper(...), anchorHoriz='center', anchorVert='center', antialias=True, autoLog=True, bold=False, color='black', colorSpace='named', contrast=1.0, depth=-2.0, flipHoriz=False, flipVert=False, font='Arial', fontFiles=[], height=0.1, italic=False, languageStyle='LTR', name='timer3', opacity=1.0, ori=0, pos=array([0., 0.]), rgb=array([0., 0., 0.]), text='1', units='height', win=Window(...), wrapWidth=1)
10.6212 	EXP 	Created timergo = TextStim(__class__=<class 'psychopy.visual.text.TextStim'>, alignHoriz=method-wrapper(...), alignText='center', alignVert=method-wrapper(...), anchorHoriz='center', anchorVert='center', antialias=True, autoLog=True, bold=False, color='black', colorSpace='named', contrast=1.0, depth=-3.0, flipHoriz=False, flipVert=False, font='Arial', fontFiles=[], height=0.1, italic=False, languageStyle='LTR', name='timergo', opacity=1.0, ori=0, pos=array([0., 0.]), rgb=array([0., 0., 0.]), text='Start!\n', units='height', win=Window(...), wrapWidth=1)
10.6280 	EXP 	Created image = ImageStim(__class__=<class 'psychopy.visual.image.ImageStim'>, autoLog=True, color=array([1., 1., 1.]), colorSpace='rgb', contrast=1.0, depth=0.0, flipHoriz=False, flipVert=False, image='sin', interpolate=True, mask=None, maskParams=None, name='image', opacity=1.0, ori=0.0, pos=array([0., 0.]), size=array([1.  , 0.75]), texRes=128, units='height', win=Window(...))
10.6896 	EXP 	Created text = TextStim(__class__=<class 'psychopy.visual.text.TextStim'>, alignHoriz=method-wrapper(...), alignText='center', alignVert=method-wrapper(...), anchorHoriz='center', anchorVert='center', antialias=True, autoLog=True, bold=False, color='black', colorSpace='named', contrast=1.0, depth=-1.0, flipHoriz=False, flipVert=False, font='Arial', fontFiles=[], height=0.03, italic=False, languageStyle='LTR', name='text', opacity=1.0, ori=0, pos=array([ 0. , -0.4]), rgb=array([0., 0., 0.]), text=str(...), units='height', win=Window(...), wrapWidth=1)
10.7481 	EXP 	Created text_2 = TextStim(__class__=<class 'psychopy.visual.text.TextStim'>, alignHoriz=method-wrapper(...), alignText='center', alignVert=method-wrapper(...), anchorHoriz='center', anchorVert='center', antialias=True, autoLog=True, bold=False, color='black', colorSpace='named', contrast=1.0, depth=0.0, flipHoriz=False, flipVert=False, font='Arial', fontFiles=[], height=0.1, italic=False, languageStyle='LTR', name='text_2', opacity=1.0, ori=0, pos=array([0., 0.]), rgb=array([0., 0., 0.]), text=str(...), units='height', win=Window(...), wrapWidth=1)
10.7871 	EXP 	instruct_text: autoDraw = True
11.7554 	DATA 	Keypress: space
11.7618 	EXP 	instruct_text: autoDraw = False
11.7618 	EXP 	timer1: autoDraw = True
12.7455 	EXP 	timer2: autoDraw = True
12.7619 	EXP 	timer1: autoDraw = False
13.7455 	EXP 	timer2: autoDraw = False
13.7455 	EXP 	timer3: autoDraw = True
14.7456 	EXP 	timer3: autoDraw = False
14.7456 	EXP 	timergo: autoDraw = True
15.8290 	EXP 	Imported dataset\setdesc.csv as conditions, 172 conditions, 5 params
15.8303 	EXP 	Created sequence: random, trialTypes=172, nReps=1, seed=None
15.8310 	EXP 	New trial (rep=0, index=0): OrderedDict([('path', 'dataset/44.png'), ('is_control', False), ('slope', -0.01), ('noise', 0.275), ('corrans', 'down')])
15.8574 	EXP 	timergo: autoDraw = False
15.8574 	EXP 	timer1: autoDraw = False
15.8574 	EXP 	timer2: autoDraw = False
15.8574 	EXP 	timer3: autoDraw = False
15.8574 	EXP 	timergo: autoDraw = False
15.8574 	EXP 	image: image = 'dataset/44.png'
16.4313 	EXP 	image: autoDraw = True
16.4313 	EXP 	text: autoDraw = True
18.4455 	EXP 	image: autoDraw = False
19.2051 	EXP 	New trial (rep=0, index=1): OrderedDict([('path', 'dataset/107.png'), ('is_control', False), ('slope', 0.1), ('noise', 0.0), ('corrans', 'up')])
19.2440 	DATA 	Keypress: up
19.2470 	EXP 	image: autoDraw = False
19.2470 	EXP 	text: autoDraw = False
19.2470 	EXP 	image: image = 'dataset/107.png'
19.7468 	EXP 	image: autoDraw = True
19.7468 	EXP 	text: autoDraw = True
21.7452 	EXP 	image: autoDraw = False
22.1852 	DATA 	Keypress: up
22.2022 	EXP 	New trial (rep=0, index=2): OrderedDict([('path', 'dataset/155.png'), ('is_control', False), ('slope', 0.1), ('noise', 0.3), ('corrans', 'up')])
22.2317 	EXP 	image: autoDraw = False
22.2317 	EXP 	text: autoDraw = False
22.2317 	EXP 	image: image = 'dataset/155.png'
22.7301 	EXP 	image: autoDraw = True
22.7301 	EXP 	text: autoDraw = True
24.7287 	EXP 	image: autoDraw = False
25.6849 	DATA 	Keypress: up
25.7023 	EXP 	New trial (rep=0, index=3): OrderedDict([('path', 'dataset/33.png'), ('is_control', False), ('slope', -0.01), ('noise', 0.2), ('corrans', 'down')])
25.7318 	EXP 	image: autoDraw = False
25.7318 	EXP 	text: autoDraw = False
25.7318 	EXP 	image: image = 'dataset/33.png'
26.2297 	EXP 	image: autoDraw = True
26.2297 	EXP 	text: autoDraw = True
28.2284 	EXP 	image: autoDraw = False
28.5846 	DATA 	Keypress: down
28.6022 	EXP 	New trial (rep=0, index=4): OrderedDict([('path', 'dataset/123.png'), ('is_control', False), ('slope', 0.1), ('noise', 0.1), ('corrans', 'up')])
28.6298 	EXP 	image: autoDraw = False
28.6298 	EXP 	text: autoDraw = False
28.6298 	EXP 	image: image = 'dataset/123.png'
29.1299 	EXP 	image: autoDraw = True
29.1299 	EXP 	text: autoDraw = True
31.0204 	EXP 	New trial (rep=0, index=5): OrderedDict([('path', 'dataset/125.png'), ('is_control', False), ('slope', -0.1), ('noise', 0.125), ('corrans', 'down')])
31.0498 	DATA 	Keypress: up
31.0526 	EXP 	image: autoDraw = False
31.0526 	EXP 	text: autoDraw = False
31.0526 	EXP 	image: image = 'dataset/125.png'
31.5463 	EXP 	image: autoDraw = True
31.5463 	EXP 	text: autoDraw = True
32.6703 	EXP 	New trial (rep=0, index=6): OrderedDict([('path', 'dataset/104.png'), ('is_control', False), ('slope', -0.1), ('noise', 0.0), ('corrans', 'down')])
32.6968 	DATA 	Keypress: down
32.6999 	EXP 	image: autoDraw = False
32.6999 	EXP 	text: autoDraw = False
32.6999 	EXP 	image: image = 'dataset/104.png'
33.1965 	EXP 	image: autoDraw = True
33.1965 	EXP 	text: autoDraw = True
34.2697 	EXP 	New trial (rep=0, index=7): OrderedDict([('path', 'dataset/93.png'), ('is_control', False), ('slope', -0.05), ('noise', 0.25), ('corrans', 'down')])
34.2968 	DATA 	Keypress: down
34.2998 	EXP 	image: autoDraw = False
34.2998 	EXP 	text: autoDraw = False
34.2998 	EXP 	image: image = 'dataset/93.png'
34.7963 	EXP 	image: autoDraw = True
34.7963 	EXP 	text: autoDraw = True
35.6365 	DATA 	Keypress: escape
38.2986 	EXP 	window1: mouseVisible = True
