1.5113 	WARNING 	We strongly recommend you activate the PTB sound engine in PsychoPy prefs as the preferred audio engine. Its timing is vastly superior. Your prefs are currently set to use ['sounddevice', 'PTB', 'pyo', 'pygame'] (in that order).
6.2324 	WARNING 	User requested fullscreen with size [1024  768], but screen is actually [1920, 1080]. Using actual size
10.2587 	EXP 	Created window1 = Window(allowGUI=False, allowStencil=False, args=UNKNOWN, autoLog=True, bitsMode=UNKNOWN, blendMode='avg', bpc=(8, 8, 8), color=array([0., 0., 0.]), colorSpace='rgb', depthBits=8, fullscr=<method-wrapper '__getattribute__' of attributeSetter object at 0x000002FA9CC10EB8>, gamma=None, gammaErrorPolicy='raise', kwargs=UNKNOWN, lms=UNKNOWN, monitor=<psychopy.monitors.calibTools.Monitor object at 0x000002FA9C966CF8>, multiSample=False, name='window1', numSamples=2, pos=[0.0, 0.0], screen=0, size=array([1920, 1080]), stencilBits=0, stereo=False, units='height', useFBO=True, useRetina=False, viewOri=0.0, viewPos=None, viewScale=None, waitBlanking=True, winType='pyglet')
10.2591 	EXP 	window1: mouseVisible = True
10.2591 	EXP 	window1: recordFrameIntervals = False
10.4244 	EXP 	window1: recordFrameIntervals = True
10.6080 	EXP 	window1: recordFrameIntervals = False
10.6723 	EXP 	Created image = ImageStim(__class__=<class 'psychopy.visual.image.ImageStim'>, autoLog=True, color=array([1., 1., 1.]), colorSpace='rgb', contrast=1.0, depth=0.0, flipHoriz=False, flipVert=False, image='sin', interpolate=True, mask=None, maskParams=None, name='image', opacity=1.0, ori=0.0, pos=array([0., 0.]), size=array([1., 1.]), texRes=128, units='height', win=Window(...))
10.6724 	EXP 	window1: mouseVisible = True
10.7757 	EXP 	image: image = 'C:\\Users\\kmwtb\\Desktop\\Semester IX\\NS201\\Assignment SP\\code\\dataset\\0.png'
10.7757 	EXP 	image: autoDraw = True
12.7743 	EXP 	image: autoDraw = False
13.0462 	DATA 	Mouse: Left button down, pos=(612,423)
13.2627 	DATA 	Mouse:  Left button up, pos=(612,423)
14.0457 	DATA 	Mouse: Left button down, pos=(819,437)
14.2626 	DATA 	Mouse:  Left button up, pos=(819,437)
14.5300 	DATA 	Mouse: Left button down, pos=(819,437)
14.7134 	DATA 	Mouse:  Left button up, pos=(819,437)
14.7145 	DATA 	Mouse: Left button down, pos=(819,437)
14.8467 	DATA 	Mouse:  Left button up, pos=(819,437)
14.8472 	DATA 	Mouse: Left button down, pos=(819,437)
15.0288 	DATA 	Mouse:  Left button up, pos=(819,437)
15.0294 	DATA 	Mouse: Left button down, pos=(819,437)
15.2958 	DATA 	Mouse:  Left button up, pos=(819,437)
15.2965 	DATA 	Mouse: Left button down, pos=(819,437)
15.6959 	DATA 	Mouse:  Left button up, pos=(610,485)
15.8636 	DATA 	Mouse: Left button down, pos=(610,485)
15.9964 	DATA 	Mouse:  Left button up, pos=(610,485)
15.9973 	DATA 	Mouse: Left button down, pos=(610,485)
16.2128 	DATA 	Mouse:  Left button up, pos=(610,485)
16.4474 	DATA 	Keypress: up
16.4578 	EXP 	image: autoDraw = False
19.0089 	EXP 	window1: mouseVisible = True
