1.3230 	WARNING 	We strongly recommend you activate the PTB sound engine in PsychoPy prefs as the preferred audio engine. Its timing is vastly superior. Your prefs are currently set to use ['sounddevice', 'PTB', 'pyo', 'pygame'] (in that order).
5.6242 	WARNING 	User requested fullscreen with size [1024  768], but screen is actually [1920, 1080]. Using actual size
9.6477 	EXP 	Created window1 = Window(allowGUI=True, allowStencil=False, args=UNKNOWN, autoLog=True, bitsMode=UNKNOWN, blendMode='avg', bpc=(8, 8, 8), color=array([0., 0., 0.]), colorSpace='rgb', depthBits=8, fullscr=<method-wrapper '__getattribute__' of attributeSetter object at 0x0000023F4A2E1E10>, gamma=None, gammaErrorPolicy='raise', kwargs=UNKNOWN, lms=UNKNOWN, monitor=<psychopy.monitors.calibTools.Monitor object at 0x0000023F4A036C50>, multiSample=False, name='window1', numSamples=2, pos=[0.0, 0.0], screen=0, size=array([1920, 1080]), stencilBits=0, stereo=False, units='height', useFBO=True, useRetina=False, viewOri=0.0, viewPos=None, viewScale=None, waitBlanking=True, winType='pyglet')
9.6479 	EXP 	window1: mouseVisible = True
9.6480 	EXP 	window1: recordFrameIntervals = False
9.8127 	EXP 	window1: recordFrameIntervals = True
9.9969 	EXP 	window1: recordFrameIntervals = False
10.0933 	EXP 	Created image = ImageStim(__class__=<class 'psychopy.visual.image.ImageStim'>, autoLog=True, color=array([1., 1., 1.]), colorSpace='rgb', contrast=1.0, depth=0.0, flipHoriz=False, flipVert=False, image='sin', interpolate=True, mask=None, maskParams=None, name='image', opacity=1.0, ori=0.0, pos=array([0., 0.]), size=array([1., 1.]), texRes=128, units='height', win=Window(...))
10.1159 	EXP 	window1: mouseVisible = True
10.2623 	EXP 	Created trend = RatingScale(__class__=type(...), acceptKeys=['return'], acceptPreText=UNKNOWN, acceptSize=UNKNOWN, acceptText='accept?', autoLog=True, choices=['increasing', 'decreasing'], depth=0, disappear=False, flipVert=False, high=1, kwargs=UNKNOWN, labels=list(...), leftKeys=['left'], lineColor='White', low=0, marker=ShapeStim(...), markerColor='DarkBlue', markerExpansion=UNKNOWN, markerStart=None, maxTime=0.0, minTime=0.4, mouseOnly=False, name='trend', noMouse=False, pos=[0.0, -0.4], precision=1, respKeys=['0', '1'], rightKeys=['right'], scale='<default>', self=UNKNOWN, showAccept=True, showValue=True, singleClick=False, size=0.6, skipKeys=['tab'], stretch=1.0, textColor='LightGray', textFont='Helvetica Bold', textSize=0.12, tickHeight=-1, tickMarks=1.0, win=Window(...))
10.2891 	EXP 	RatingScale trend: reset()
10.3758 	EXP 	trend: flipVert = False
10.3758 	EXP 	trend: autoLog = True
10.3758 	EXP 	image: image = 'C:\\Users\\kmwtb\\Desktop\\Semester IX\\NS201\\Assignment SP\\code\\dataset\\0.png'
10.3758 	EXP 	image: autoDraw = True
12.3132 	EXP 	trend: autoDraw = True
12.3795 	EXP 	image: autoDraw = False
14.8197 	DATA 	Mouse: Left button down, pos=(680,325)
15.0216 	DATA 	Mouse:  Left button up, pos=(680,325)
17.3551 	DATA 	Mouse: Left button down, pos=(1243,326)
17.5711 	DATA 	Mouse:  Left button up, pos=(1243,326)
18.9719 	DATA 	Mouse: Left button down, pos=(675,322)
19.1887 	DATA 	Mouse:  Left button up, pos=(675,322)
19.8047 	DATA 	Keypress: return
19.8051 	DATA 	RatingScale trend: (key response) rating=increasing
19.8053 	DATA 	RatingScale trend: rating RT=7.521
19.8053 	DATA 	RatingScale trend: history=[(None, 0.0), ('increasing', 2.536), ('decreasing', 5.072), ('increasing', 6.688), ('increasing', 7.521)]
19.8290 	EXP 	image: autoDraw = False
19.8290 	EXP 	trend: autoDraw = False
22.4452 	EXP 	window1: mouseVisible = True
