1.4689 	WARNING 	We strongly recommend you activate the PTB sound engine in PsychoPy prefs as the preferred audio engine. Its timing is vastly superior. Your prefs are currently set to use ['sounddevice', 'PTB', 'pyo', 'pygame'] (in that order).
6.3908 	WARNING 	User requested fullscreen with size [1280  720], but screen is actually [1920, 1080]. Using actual size
10.5084 	EXP 	Created window1 = Window(allowGUI=False, allowStencil=False, args=UNKNOWN, autoLog=True, bitsMode=UNKNOWN, blendMode='avg', bpc=(8, 8, 8), color=array([1., 1., 1.]), colorSpace='rgb', depthBits=8, fullscr=<method-wrapper '__getattribute__' of attributeSetter object at 0x0000017621273D30>, gamma=None, gammaErrorPolicy='raise', kwargs=UNKNOWN, lms=UNKNOWN, monitor=<psychopy.monitors.calibTools.Monitor object at 0x0000017620F8BB70>, multiSample=False, name='window1', numSamples=2, pos=[0.0, 0.0], screen=0, size=array([1920, 1080]), stencilBits=0, stereo=False, units='height', useFBO=True, useRetina=False, viewOri=0.0, viewPos=None, viewScale=None, waitBlanking=True, winType='pyglet')
10.5088 	EXP 	window1: mouseVisible = True
10.5089 	EXP 	window1: recordFrameIntervals = False
10.6737 	EXP 	window1: recordFrameIntervals = True
10.8574 	EXP 	window1: recordFrameIntervals = False
11.1741 	EXP 	Created instruct_text = TextStim(__class__=<class 'psychopy.visual.text.TextStim'>, alignHoriz=method-wrapper(...), alignText='center', alignVert=method-wrapper(...), anchorHoriz='center', anchorVert='center', antialias=True, autoLog=True, bold=False, color=array([-1., -1., -1.]), colorSpace='rgb', contrast=1.0, depth=0.0, flipHoriz=False, flipVert=False, font='Arial', fontFiles=[], height=0.05, italic=False, languageStyle='LTR', name='instruct_text', opacity=1.0, ori=0, pos=array([0., 0.]), rgb=array([-1., -1., -1.]), text=str(...), units='height', win=Window(...), wrapWidth=1)
11.1934 	EXP 	Created timer1 = TextStim(__class__=<class 'psychopy.visual.text.TextStim'>, alignHoriz=method-wrapper(...), alignText='center', alignVert=method-wrapper(...), anchorHoriz='center', anchorVert='center', antialias=True, autoLog=True, bold=False, color='black', colorSpace='named', contrast=1.0, depth=0.0, flipHoriz=False, flipVert=False, font='Arial', fontFiles=[], height=0.1, italic=False, languageStyle='LTR', name='timer1', opacity=1.0, ori=0, pos=array([0., 0.]), rgb=array([0., 0., 0.]), text='3', units='height', win=Window(...), wrapWidth=1)
11.2001 	EXP 	Created timer2 = TextStim(__class__=<class 'psychopy.visual.text.TextStim'>, alignHoriz=method-wrapper(...), alignText='center', alignVert=method-wrapper(...), anchorHoriz='center', anchorVert='center', antialias=True, autoLog=True, bold=False, color='black', colorSpace='named', contrast=1.0, depth=-1.0, flipHoriz=False, flipVert=False, font='Arial', fontFiles=[], height=0.1, italic=False, languageStyle='LTR', name='timer2', opacity=1.0, ori=0, pos=array([0., 0.]), rgb=array([0., 0., 0.]), text='2', units='height', win=Window(...), wrapWidth=1)
11.2059 	EXP 	Created timer3 = TextStim(__class__=<class 'psychopy.visual.text.TextStim'>, alignHoriz=method-wrapper(...), alignText='center', alignVert=method-wrapper(...), anchorHoriz='center', anchorVert='center', antialias=True, autoLog=True, bold=False, color='black', colorSpace='named', contrast=1.0, depth=-2.0, flipHoriz=False, flipVert=False, font='Arial', fontFiles=[], height=0.1, italic=False, languageStyle='LTR', name='timer3', opacity=1.0, ori=0, pos=array([0., 0.]), rgb=array([0., 0., 0.]), text='1', units='height', win=Window(...), wrapWidth=1)
11.2279 	EXP 	Created timergo = TextStim(__class__=<class 'psychopy.visual.text.TextStim'>, alignHoriz=method-wrapper(...), alignText='center', alignVert=method-wrapper(...), anchorHoriz='center', anchorVert='center', antialias=True, autoLog=True, bold=False, color='black', colorSpace='named', contrast=1.0, depth=-3.0, flipHoriz=False, flipVert=False, font='Arial', fontFiles=[], height=0.1, italic=False, languageStyle='LTR', name='timergo', opacity=1.0, ori=0, pos=array([0., 0.]), rgb=array([0., 0., 0.]), text='Start!\n', units='height', win=Window(...), wrapWidth=1)
11.2350 	EXP 	Created image = ImageStim(__class__=<class 'psychopy.visual.image.ImageStim'>, autoLog=True, color=array([1., 1., 1.]), colorSpace='rgb', contrast=1.0, depth=0.0, flipHoriz=False, flipVert=False, image='sin', interpolate=True, mask=None, maskParams=None, name='image', opacity=1.0, ori=0.0, pos=array([0., 0.]), size=array([1.  , 0.75]), texRes=128, units='height', win=Window(...))
11.2945 	EXP 	Created text = TextStim(__class__=<class 'psychopy.visual.text.TextStim'>, alignHoriz=method-wrapper(...), alignText='center', alignVert=method-wrapper(...), anchorHoriz='center', anchorVert='center', antialias=True, autoLog=True, bold=False, color='black', colorSpace='named', contrast=1.0, depth=-1.0, flipHoriz=False, flipVert=False, font='Arial', fontFiles=[], height=0.025, italic=False, languageStyle='LTR', name='text', opacity=1.0, ori=0, pos=array([ 0. , -0.3]), rgb=array([0., 0., 0.]), text=str(...), units='height', win=Window(...), wrapWidth=1)
11.3561 	EXP 	Created text_2 = TextStim(__class__=<class 'psychopy.visual.text.TextStim'>, alignHoriz=method-wrapper(...), alignText='center', alignVert=method-wrapper(...), anchorHoriz='center', anchorVert='center', antialias=True, autoLog=True, bold=False, color='black', colorSpace='named', contrast=1.0, depth=0.0, flipHoriz=False, flipVert=False, font='Arial', fontFiles=[], height=0.1, italic=False, languageStyle='LTR', name='text_2', opacity=1.0, ori=0, pos=array([0., 0.]), rgb=array([0., 0., 0.]), text=str(...), units='height', win=Window(...), wrapWidth=1)
11.3951 	EXP 	instruct_text: autoDraw = True
11.7492 	DATA 	Keypress: return
11.7571 	EXP 	instruct_text: autoDraw = False
11.7571 	EXP 	timer1: autoDraw = True
12.7406 	EXP 	timer2: autoDraw = True
12.7570 	EXP 	timer1: autoDraw = False
13.7405 	EXP 	timer2: autoDraw = False
13.7405 	EXP 	timer3: autoDraw = True
14.7407 	EXP 	timer3: autoDraw = False
14.7407 	EXP 	timergo: autoDraw = True
15.8242 	EXP 	Imported dataset\setdesc.csv as conditions, 172 conditions, 5 params
15.8258 	EXP 	Created sequence: random, trialTypes=172, nReps=1, seed=None
15.8265 	EXP 	New trial (rep=0, index=0): OrderedDict([('path', 'dataset/42.png'), ('is_control', False), ('slope', 0.01), ('noise', 0.25), ('corrans', 'up')])
15.8701 	EXP 	timergo: autoDraw = False
15.8701 	EXP 	timer1: autoDraw = False
15.8701 	EXP 	timer2: autoDraw = False
15.8701 	EXP 	timer3: autoDraw = False
15.8701 	EXP 	timergo: autoDraw = False
15.8701 	EXP 	image: image = 'dataset/42.png'
16.4436 	EXP 	image: autoDraw = True
16.4436 	EXP 	text: autoDraw = True
18.4570 	EXP 	image: autoDraw = False
19.2330 	EXP 	New trial (rep=0, index=1): OrderedDict([('path', 'dataset/64.png'), ('is_control', False), ('slope', -0.05), ('noise', 0.075), ('corrans', 'down')])
19.2734 	DATA 	Keypress: up
19.2765 	EXP 	image: autoDraw = False
19.2765 	EXP 	text: autoDraw = False
19.2765 	EXP 	image: image = 'dataset/64.png'
19.7752 	EXP 	image: autoDraw = True
19.7752 	EXP 	text: autoDraw = True
21.7735 	EXP 	image: autoDraw = False
22.1467 	DATA 	Keypress: down
22.1638 	EXP 	New trial (rep=0, index=2): OrderedDict([('path', 'dataset/112.png'), ('is_control', False), ('slope', -0.1), ('noise', 0.05), ('corrans', 'down')])
22.1935 	EXP 	image: autoDraw = False
22.1935 	EXP 	text: autoDraw = False
22.1935 	EXP 	image: image = 'dataset/112.png'
22.6919 	EXP 	image: autoDraw = True
22.6919 	EXP 	text: autoDraw = True
24.3992 	EXP 	New trial (rep=0, index=3): OrderedDict([('path', 'dataset/170.png'), ('is_control', True), ('slope', 0.5), ('noise', 0.3), ('corrans', 'up')])
24.4426 	DATA 	Keypress: down
24.4456 	EXP 	image: autoDraw = False
24.4456 	EXP 	text: autoDraw = False
24.4456 	EXP 	image: image = 'dataset/170.png'
24.9415 	EXP 	image: autoDraw = True
24.9415 	EXP 	text: autoDraw = True
26.4148 	EXP 	New trial (rep=0, index=4): OrderedDict([('path', 'dataset/157.png'), ('is_control', True), ('slope', -0.0), ('noise', 0.0), ('corrans', 'none')])
26.4542 	DATA 	Keypress: up
26.4572 	EXP 	image: autoDraw = False
26.4572 	EXP 	text: autoDraw = False
26.4572 	EXP 	image: image = 'dataset/157.png'
26.9583 	EXP 	image: autoDraw = True
26.9583 	EXP 	text: autoDraw = True
28.9570 	EXP 	image: autoDraw = False
29.8631 	DATA 	Keypress: escape
32.5695 	EXP 	window1: mouseVisible = True
