1.4780 	WARNING 	We strongly recommend you activate the PTB sound engine in PsychoPy prefs as the preferred audio engine. Its timing is vastly superior. Your prefs are currently set to use ['sounddevice', 'PTB', 'pyo', 'pygame'] (in that order).
9.1387 	WARNING 	User requested fullscreen with size [1024  768], but screen is actually [1920, 1080]. Using actual size
13.1112 	EXP 	Created window1 = Window(allowGUI=False, allowStencil=False, args=UNKNOWN, autoLog=True, bitsMode=UNKNOWN, blendMode='avg', bpc=(8, 8, 8), color=array([0., 0., 0.]), colorSpace='rgb', depthBits=8, fullscr=<method-wrapper '__getattribute__' of attributeSetter object at 0x000001C7B8023CC0>, gamma=None, gammaErrorPolicy='raise', kwargs=UNKNOWN, lms=UNKNOWN, monitor=<psychopy.monitors.calibTools.Monitor object at 0x000001C7B7DBDB00>, multiSample=False, name='window1', numSamples=2, pos=[0.0, 0.0], screen=0, size=array([1920, 1080]), stencilBits=0, stereo=False, units='height', useFBO=True, useRetina=False, viewOri=0.0, viewPos=None, viewScale=None, waitBlanking=True, winType='pyglet')
13.1117 	EXP 	window1: mouseVisible = True
13.1118 	EXP 	window1: recordFrameIntervals = False
13.2769 	EXP 	window1: recordFrameIntervals = True
13.4605 	EXP 	window1: recordFrameIntervals = False
13.7330 	EXP 	Created instruct_text = TextStim(__class__=<class 'psychopy.visual.text.TextStim'>, alignHoriz=method-wrapper(...), alignText='center', alignVert=method-wrapper(...), anchorHoriz='center', anchorVert='center', antialias=True, autoLog=True, bold=False, color=array([-1., -1., -1.]), colorSpace='rgb', contrast=1.0, depth=0.0, flipHoriz=False, flipVert=False, font='Arial', fontFiles=[], height=0.05, italic=False, languageStyle='LTR', name='instruct_text', opacity=1.0, ori=0, pos=array([0., 0.]), rgb=array([-1., -1., -1.]), text=str(...), units='height', win=Window(...), wrapWidth=1)
13.7530 	EXP 	Created timer1 = TextStim(__class__=<class 'psychopy.visual.text.TextStim'>, alignHoriz=method-wrapper(...), alignText='center', alignVert=method-wrapper(...), anchorHoriz='center', anchorVert='center', antialias=True, autoLog=True, bold=False, color='red', colorSpace='named', contrast=1.0, depth=0.0, flipHoriz=False, flipVert=False, font='Arial', fontFiles=[], height=0.1, italic=False, languageStyle='LTR', name='timer1', opacity=1.0, ori=0, pos=array([0., 0.]), rgb=array([255.,   0.,   0.]), text='3', units='height', win=Window(...), wrapWidth=1)
13.7598 	EXP 	Created timer2 = TextStim(__class__=<class 'psychopy.visual.text.TextStim'>, alignHoriz=method-wrapper(...), alignText='center', alignVert=method-wrapper(...), anchorHoriz='center', anchorVert='center', antialias=True, autoLog=True, bold=False, color='red', colorSpace='named', contrast=1.0, depth=-1.0, flipHoriz=False, flipVert=False, font='Arial', fontFiles=[], height=0.1, italic=False, languageStyle='LTR', name='timer2', opacity=1.0, ori=0, pos=array([0., 0.]), rgb=array([255.,   0.,   0.]), text='2', units='height', win=Window(...), wrapWidth=1)
13.7658 	EXP 	Created timer3 = TextStim(__class__=<class 'psychopy.visual.text.TextStim'>, alignHoriz=method-wrapper(...), alignText='center', alignVert=method-wrapper(...), anchorHoriz='center', anchorVert='center', antialias=True, autoLog=True, bold=False, color='red', colorSpace='named', contrast=1.0, depth=-2.0, flipHoriz=False, flipVert=False, font='Arial', fontFiles=[], height=0.1, italic=False, languageStyle='LTR', name='timer3', opacity=1.0, ori=0, pos=array([0., 0.]), rgb=array([255.,   0.,   0.]), text='1', units='height', win=Window(...), wrapWidth=1)
13.7828 	EXP 	Created timergo = TextStim(__class__=<class 'psychopy.visual.text.TextStim'>, alignHoriz=method-wrapper(...), alignText='center', alignVert=method-wrapper(...), anchorHoriz='center', anchorVert='center', antialias=True, autoLog=True, bold=False, color='green', colorSpace='named', contrast=1.0, depth=-3.0, flipHoriz=False, flipVert=False, font='Arial', fontFiles=[], height=0.1, italic=False, languageStyle='LTR', name='timergo', opacity=1.0, ori=0, pos=array([0., 0.]), rgb=array([  0., 128.,   0.]), text='Start', units='height', win=Window(...), wrapWidth=1)
13.7897 	EXP 	Created image = ImageStim(__class__=<class 'psychopy.visual.image.ImageStim'>, autoLog=True, color=array([1., 1., 1.]), colorSpace='rgb', contrast=1.0, depth=0.0, flipHoriz=False, flipVert=False, image='sin', interpolate=True, mask=None, maskParams=None, name='image', opacity=1.0, ori=0.0, pos=array([0., 0.]), size=array([1.  , 0.75]), texRes=128, units='height', win=Window(...))
13.8200 	EXP 	Created text = TextStim(__class__=<class 'psychopy.visual.text.TextStim'>, alignHoriz=method-wrapper(...), alignText='center', alignVert=method-wrapper(...), anchorHoriz='center', anchorVert='center', antialias=True, autoLog=True, bold=False, color='black', colorSpace='named', contrast=1.0, depth=-1.0, flipHoriz=False, flipVert=False, font='Arial', fontFiles=[], height=0.05, italic=False, languageStyle='LTR', name='text', opacity=1.0, ori=0, pos=array([1., 2.]), rgb=array([0., 0., 0.]), text=str(...), units='height', win=Window(...), wrapWidth=1)
13.8858 	EXP 	Created text_2 = TextStim(__class__=<class 'psychopy.visual.text.TextStim'>, alignHoriz=method-wrapper(...), alignText='center', alignVert=method-wrapper(...), anchorHoriz='center', anchorVert='center', antialias=True, autoLog=True, bold=False, color='black', colorSpace='named', contrast=1.0, depth=0.0, flipHoriz=False, flipVert=False, font='Arial', fontFiles=[], height=0.1, italic=False, languageStyle='LTR', name='text_2', opacity=1.0, ori=0, pos=array([0., 0.]), rgb=array([0., 0., 0.]), text=str(...), units='height', win=Window(...), wrapWidth=1)
13.9293 	EXP 	instruct_text: autoDraw = True
15.3322 	DATA 	Keypress: return
15.3598 	EXP 	instruct_text: autoDraw = False
15.3598 	EXP 	timer1: autoDraw = True
16.3434 	EXP 	timer2: autoDraw = True
16.3598 	EXP 	timer1: autoDraw = False
17.3431 	EXP 	timer2: autoDraw = False
17.3431 	EXP 	timer3: autoDraw = True
18.3436 	EXP 	timer3: autoDraw = False
18.3436 	EXP 	timergo: autoDraw = True
19.4273 	EXP 	Imported dataset\setdesc.csv as conditions, 172 conditions, 5 params
19.4286 	EXP 	Created sequence: random, trialTypes=172, nReps=1, seed=None
19.4292 	EXP 	New trial (rep=0, index=0): OrderedDict([('path', 'dataset/45.png'), ('is_control', False), ('slope', -0.01), ('noise', 0.275), ('corrans', 'down')])
19.4537 	EXP 	timergo: autoDraw = False
19.4537 	EXP 	timer1: autoDraw = False
19.4537 	EXP 	timer2: autoDraw = False
19.4537 	EXP 	timer3: autoDraw = False
19.4537 	EXP 	timergo: autoDraw = False
19.4537 	EXP 	image: image = 'dataset/45.png'
20.0313 	EXP 	image: autoDraw = True
20.0313 	EXP 	text: autoDraw = True
20.9503 	DATA 	Keypress: up
20.9713 	EXP 	New trial (rep=0, index=1): OrderedDict([('path', 'dataset/16.png'), ('is_control', False), ('slope', -0.01), ('noise', 0.1), ('corrans', 'down')])
21.0008 	EXP 	image: autoDraw = False
21.0008 	EXP 	text: autoDraw = False
21.0008 	EXP 	image: image = 'dataset/16.png'
21.4948 	EXP 	image: autoDraw = True
21.4948 	EXP 	text: autoDraw = True
23.4932 	EXP 	image: autoDraw = False
25.1155 	DATA 	Keypress: escape
27.7755 	EXP 	window1: mouseVisible = True
