1.5826 	WARNING 	We strongly recommend you activate the PTB sound engine in PsychoPy prefs as the preferred audio engine. Its timing is vastly superior. Your prefs are currently set to use ['sounddevice', 'PTB', 'pyo', 'pygame'] (in that order).
4.8393 	WARNING 	User requested fullscreen with size [1024  768], but screen is actually [1920, 1080]. Using actual size
14.0117 	EXP 	Created window1 = Window(allowGUI=True, allowStencil=False, args=UNKNOWN, autoLog=True, bitsMode=UNKNOWN, blendMode='avg', bpc=(8, 8, 8), color=array([0., 0., 0.]), colorSpace='rgb', depthBits=8, fullscr=<method-wrapper '__getattribute__' of attributeSetter object at 0x0000015373E81F60>, gamma=None, gammaErrorPolicy='raise', kwargs=UNKNOWN, lms=UNKNOWN, monitor=<psychopy.monitors.calibTools.Monitor object at 0x0000015373BD7DA0>, multiSample=False, name='window1', numSamples=2, pos=[0.0, 0.0], screen=0, size=array([1920, 1080]), stencilBits=0, stereo=False, units='height', useFBO=True, useRetina=False, viewOri=0.0, viewPos=None, viewScale=None, waitBlanking=True, winType='pyglet')
14.0119 	EXP 	window1: mouseVisible = True
14.0119 	EXP 	window1: recordFrameIntervals = False
14.1773 	EXP 	window1: recordFrameIntervals = True
14.3611 	EXP 	window1: recordFrameIntervals = False
14.5845 	EXP 	Created instruct = TextStim(__class__=<class 'psychopy.visual.text.TextStim'>, alignHoriz=method-wrapper(...), alignText='center', alignVert=method-wrapper(...), anchorHoriz='center', anchorVert='center', antialias=True, autoLog=True, bold=False, color=array([-1., -1., -1.]), colorSpace='rgb', contrast=1.0, depth=0.0, flipHoriz=False, flipVert=False, font='Arial', fontFiles=[], height=0.1, italic=False, languageStyle='LTR', name='instruct', opacity=1.0, ori=0, pos=array([0., 0.]), rgb=array([-1., -1., -1.]), text='Instructions\n\n1. Test\n2. Test\n3. Test', units='height', win=Window(...), wrapWidth=1)
14.5884 	EXP 	Created image = ImageStim(__class__=<class 'psychopy.visual.image.ImageStim'>, autoLog=True, color=array([1., 1., 1.]), colorSpace='rgb', contrast=1.0, depth=0.0, flipHoriz=False, flipVert=False, image='sin', interpolate=True, mask=None, maskParams=None, name='image', opacity=1.0, ori=0.0, pos=array([0., 0.]), size=array([1., 1.]), texRes=128, units='height', win=Window(...))
14.6077 	EXP 	window1: mouseVisible = True
14.6700 	EXP 	Created trend = RatingScale(__class__=type(...), acceptKeys=['return'], acceptPreText=UNKNOWN, acceptSize=UNKNOWN, acceptText='accept?', autoLog=True, choices=['increasing', 'decreasing'], depth=0, disappear=False, flipVert=False, high=1, kwargs=UNKNOWN, labels=list(...), leftKeys=['left'], lineColor='White', low=0, marker=ShapeStim(...), markerColor='DarkBlue', markerExpansion=UNKNOWN, markerStart=None, maxTime=0.0, minTime=0.4, mouseOnly=False, name='trend', noMouse=False, pos=[0.0, -0.4], precision=1, respKeys=['0', '1'], rightKeys=['right'], scale='<default>', self=UNKNOWN, showAccept=True, showValue=True, singleClick=False, size=0.6, skipKeys=['tab'], stretch=1.0, textColor='LightGray', textFont='Helvetica Bold', textSize=0.12, tickHeight=-1, tickMarks=1.0, win=Window(...))
14.7066 	EXP 	trend: flipVert = False
14.7066 	EXP 	trend: autoLog = True
14.7066 	EXP 	instruct: autoDraw = True
18.6153 	DATA 	Keypress: space
19.9149 	DATA 	Mouse: Left button down, pos=(1022,744)
20.1317 	DATA 	Mouse:  Left button up, pos=(1022,744)
21.4983 	DATA 	Keypress: space
21.8655 	DATA 	Keypress: space
22.1484 	DATA 	Keypress: space
22.4484 	DATA 	Keypress: space
22.6978 	DATA 	Keypress: space
22.9652 	DATA 	Keypress: space
23.2156 	DATA 	Keypress: space
23.4149 	DATA 	Keypress: space
23.5822 	DATA 	Keypress: space
23.9651 	DATA 	Keypress: space
24.5478 	DATA 	Keypress: ralt
25.3150 	DATA 	Keypress: slash
25.3484 	DATA 	Keypress: period
25.7659 	DATA 	Keypress: lshift
25.7663 	DATA 	Keypress: lwindows
25.9128 	WARNING 	Got keycode {} but that code isn't yet known
25.9129 	WARNING 	Keypress was given unknown key code (227)
25.9658 	DATA 	Keypress: lctrl
25.9662 	DATA 	Keypress: z
26.2694 	DATA 	Keypress: return
26.9810 	DATA 	Keypress: space
27.1648 	DATA 	Keypress: space
27.3146 	DATA 	Keypress: space
28.1146 	DATA 	Keypress: escape
28.3984 	DATA 	Keypress: escape
31.0951 	EXP 	window1: mouseVisible = True
