1.2673 	WARNING 	We strongly recommend you activate the PTB sound engine in PsychoPy prefs as the preferred audio engine. Its timing is vastly superior. Your prefs are currently set to use ['sounddevice', 'PTB', 'pyo', 'pygame'] (in that order).
7.2072 	WARNING 	User requested fullscreen with size [1024  768], but screen is actually [1920, 1080]. Using actual size
12.5526 	EXP 	Created window1 = Window(allowGUI=False, allowStencil=False, args=UNKNOWN, autoLog=True, bitsMode=UNKNOWN, blendMode='avg', bpc=(8, 8, 8), color=array([0., 0., 0.]), colorSpace='rgb', depthBits=8, fullscr=<method-wrapper '__getattribute__' of attributeSetter object at 0x0000027653A75D30>, gamma=None, gammaErrorPolicy='raise', kwargs=UNKNOWN, lms=UNKNOWN, monitor=<psychopy.monitors.calibTools.Monitor object at 0x00000276537CDB70>, multiSample=False, name='window1', numSamples=2, pos=[0.0, 0.0], screen=0, size=array([1920, 1080]), stencilBits=0, stereo=False, units='height', useFBO=True, useRetina=False, viewOri=0.0, viewPos=None, viewScale=None, waitBlanking=True, winType='pyglet')
12.5532 	EXP 	window1: mouseVisible = True
12.5533 	EXP 	window1: recordFrameIntervals = False
12.7180 	EXP 	window1: recordFrameIntervals = True
12.9020 	EXP 	window1: recordFrameIntervals = False
13.2103 	EXP 	Created instruct_text = TextStim(__class__=<class 'psychopy.visual.text.TextStim'>, alignHoriz=method-wrapper(...), alignText='center', alignVert=method-wrapper(...), anchorHoriz='center', anchorVert='center', antialias=True, autoLog=True, bold=False, color=array([-1., -1., -1.]), colorSpace='rgb', contrast=1.0, depth=0.0, flipHoriz=False, flipVert=False, font='Arial', fontFiles=[], height=0.05, italic=False, languageStyle='LTR', name='instruct_text', opacity=1.0, ori=0, pos=array([0., 0.]), rgb=array([-1., -1., -1.]), text=str(...), units='height', win=Window(...), wrapWidth=1)
13.2290 	EXP 	Created timer1 = TextStim(__class__=<class 'psychopy.visual.text.TextStim'>, alignHoriz=method-wrapper(...), alignText='center', alignVert=method-wrapper(...), anchorHoriz='center', anchorVert='center', antialias=True, autoLog=True, bold=False, color='black', colorSpace='named', contrast=1.0, depth=0.0, flipHoriz=False, flipVert=False, font='Arial', fontFiles=[], height=0.1, italic=False, languageStyle='LTR', name='timer1', opacity=1.0, ori=0, pos=array([0., 0.]), rgb=array([0., 0., 0.]), text='3', units='height', win=Window(...), wrapWidth=1)
13.2354 	EXP 	Created timer2 = TextStim(__class__=<class 'psychopy.visual.text.TextStim'>, alignHoriz=method-wrapper(...), alignText='center', alignVert=method-wrapper(...), anchorHoriz='center', anchorVert='center', antialias=True, autoLog=True, bold=False, color='black', colorSpace='named', contrast=1.0, depth=-1.0, flipHoriz=False, flipVert=False, font='Arial', fontFiles=[], height=0.1, italic=False, languageStyle='LTR', name='timer2', opacity=1.0, ori=0, pos=array([0., 0.]), rgb=array([0., 0., 0.]), text='2', units='height', win=Window(...), wrapWidth=1)
13.2411 	EXP 	Created timer3 = TextStim(__class__=<class 'psychopy.visual.text.TextStim'>, alignHoriz=method-wrapper(...), alignText='center', alignVert=method-wrapper(...), anchorHoriz='center', anchorVert='center', antialias=True, autoLog=True, bold=False, color='black', colorSpace='named', contrast=1.0, depth=-2.0, flipHoriz=False, flipVert=False, font='Arial', fontFiles=[], height=0.1, italic=False, languageStyle='LTR', name='timer3', opacity=1.0, ori=0, pos=array([0., 0.]), rgb=array([0., 0., 0.]), text='1', units='height', win=Window(...), wrapWidth=1)
13.2624 	EXP 	Created timergo = TextStim(__class__=<class 'psychopy.visual.text.TextStim'>, alignHoriz=method-wrapper(...), alignText='center', alignVert=method-wrapper(...), anchorHoriz='center', anchorVert='center', antialias=True, autoLog=True, bold=False, color='black', colorSpace='named', contrast=1.0, depth=-3.0, flipHoriz=False, flipVert=False, font='Arial', fontFiles=[], height=0.1, italic=False, languageStyle='LTR', name='timergo', opacity=1.0, ori=0, pos=array([0., 0.]), rgb=array([0., 0., 0.]), text='Start!\n', units='height', win=Window(...), wrapWidth=1)
13.2691 	EXP 	Created image = ImageStim(__class__=<class 'psychopy.visual.image.ImageStim'>, autoLog=True, color=array([1., 1., 1.]), colorSpace='rgb', contrast=1.0, depth=0.0, flipHoriz=False, flipVert=False, image='sin', interpolate=True, mask=None, maskParams=None, name='image', opacity=1.0, ori=0.0, pos=array([0., 0.]), size=array([1.  , 0.75]), texRes=128, units='height', win=Window(...))
13.3312 	EXP 	Created text = TextStim(__class__=<class 'psychopy.visual.text.TextStim'>, alignHoriz=method-wrapper(...), alignText='center', alignVert=method-wrapper(...), anchorHoriz='center', anchorVert='center', antialias=True, autoLog=True, bold=False, color='black', colorSpace='named', contrast=1.0, depth=-1.0, flipHoriz=False, flipVert=False, font='Arial', fontFiles=[], height=0.04, italic=False, languageStyle='LTR', name='text', opacity=1.0, ori=0, pos=array([ 0. , -0.4]), rgb=array([0., 0., 0.]), text=str(...), units='height', win=Window(...), wrapWidth=1)
13.3896 	EXP 	Created text_2 = TextStim(__class__=<class 'psychopy.visual.text.TextStim'>, alignHoriz=method-wrapper(...), alignText='center', alignVert=method-wrapper(...), anchorHoriz='center', anchorVert='center', antialias=True, autoLog=True, bold=False, color='black', colorSpace='named', contrast=1.0, depth=0.0, flipHoriz=False, flipVert=False, font='Arial', fontFiles=[], height=0.1, italic=False, languageStyle='LTR', name='text_2', opacity=1.0, ori=0, pos=array([0., 0.]), rgb=array([0., 0., 0.]), text=str(...), units='height', win=Window(...), wrapWidth=1)
13.4321 	EXP 	instruct_text: autoDraw = True
14.0269 	DATA 	Keypress: return
14.0345 	EXP 	instruct_text: autoDraw = False
14.0345 	EXP 	timer1: autoDraw = True
15.0175 	EXP 	timer2: autoDraw = True
15.0345 	EXP 	timer1: autoDraw = False
16.0178 	EXP 	timer2: autoDraw = False
16.0178 	EXP 	timer3: autoDraw = True
17.0176 	EXP 	timer3: autoDraw = False
17.0176 	EXP 	timergo: autoDraw = True
18.0995 	EXP 	Imported dataset\setdesc.csv as conditions, 172 conditions, 5 params
18.1008 	EXP 	Created sequence: random, trialTypes=172, nReps=1, seed=None
18.1015 	EXP 	New trial (rep=0, index=0): OrderedDict([('path', 'dataset/54.png'), ('is_control', False), ('slope', 0.05), ('noise', 0.0), ('corrans', 'up')])
18.1282 	EXP 	timergo: autoDraw = False
18.1282 	EXP 	timer1: autoDraw = False
18.1282 	EXP 	timer2: autoDraw = False
18.1282 	EXP 	timer3: autoDraw = False
18.1282 	EXP 	timergo: autoDraw = False
18.1282 	EXP 	image: image = 'dataset/54.png'
18.6657 	EXP 	image: autoDraw = True
18.6657 	EXP 	text: autoDraw = True
20.6679 	EXP 	image: autoDraw = False
21.2400 	DATA 	Keypress: up
21.2616 	EXP 	New trial (rep=0, index=1): OrderedDict([('path', 'dataset/86.png'), ('is_control', False), ('slope', 0.05), ('noise', 0.2), ('corrans', 'up')])
21.2915 	EXP 	image: autoDraw = False
21.2915 	EXP 	text: autoDraw = False
21.2915 	EXP 	image: image = 'dataset/86.png'
21.7860 	EXP 	image: autoDraw = True
21.7860 	EXP 	text: autoDraw = True
23.7843 	EXP 	image: autoDraw = False
29.1241 	DATA 	Keypress: escape
31.8424 	EXP 	window1: mouseVisible = True
